<?xml version="1.0" encoding="UTF-8"?>
<!-- Generated by org.testng.reporters.JUnitReportReporter -->
<testsuite hostname="Shashikiran-Lenovo" failures="0" tests="3" name="com.tp.vTigerTest.ContactTest" time="29.123" errors="0" timestamp="2025-04-28T13:22:08 IST" skipped="0">
  <testcase classname="com.tp.vTigerTest.ContactTest" name="createContactWithOrganizationTest" time="13.096">
    <system-out>
      <![CDATA[[ CON4 ] gows_905 - Contact Information verified
  gows_905 verified
 Tek_Pyramid_195 verified]]>
    </system-out>
  </testcase> <!-- createContactWithOrganizationTest -->
  <testcase classname="com.tp.vTigerTest.ContactTest" name="createContactWithSupportDateTest" time="6.926">
    <system-out>
      <![CDATA[[ CON5 ] gows_740 - Contact Information verified
  gows_740 verified
2025-04-28 verified
2025-06-27 verified]]>
    </system-out>
  </testcase> <!-- createContactWithSupportDateTest -->
  <testcase classname="com.tp.vTigerTest.ContactTest" name="createContactTest" time="9.101">
    <system-out>
      <![CDATA[[ CON3 ] gows_313 - Contact Information verified
  gows_313 verified]]>
    </system-out>
  </testcase> <!-- createContactTest -->
  <system-out>
    <![CDATA[Browser got launched
Browser got Maximized
Logged In Successfully
[ VEN2 ] Microsoft514 - Vendor Information verified
Logged out Successfully
Browser got Closed Successfully
Browser got launched
Browser got Maximized
Logged In Successfully
Logged out Successfully
Logged In Successfully
Logged out Successfully
Logged In Successfully
Logged out Successfully
Browser got Closed Successfully
Browser got launched
Browser got Maximized
Logged In Successfully
Logged out Successfully
Logged In Successfully
createProductWithSupportDateTest
Logged out Successfully
Logged In Successfully
Logged out Successfully
Browser got Closed Successfully
Browser got launched
Browser got Maximized
Logged In Successfully
[ CON3 ] gows_313 - Contact Information verified
  gows_313 verified
Logged out Successfully
Logged In Successfully
[ CON4 ] gows_905 - Contact Information verified
  gows_905 verified
 Tek_Pyramid_195 verified
Logged out Successfully
Logged In Successfully
[ CON5 ] gows_740 - Contact Information verified
  gows_740 verified
2025-04-28 verified
2025-06-27 verified
Logged out Successfully
Browser got Closed Successfully
Browser got launched
Browser got Maximized
Logged In Successfully
[ LEA2 ] lead641 - Lead Information verified
Logged out Successfully
Logged In Successfully
Logged out Successfully
Browser got Closed Successfully]]>
  </system-out>
</testsuite> <!-- com.tp.vTigerTest.ContactTest -->
